<?xml version="1.0" encoding="UTF-8"?><testsuite failures="0" name="cucumber.runtime.formatter.JUnitFormatter" skipped="0" tests="1" time="20.192273">
<testcase classname="Deals" name="Create New Deal" time="20.192273">
<system-out><![CDATA[Given User already available on CRM Home Page...............................passed
When Title of page is verified..............................................passed
Then Users enters username and password list................................passed
Then User clicks on login button............................................passed
Then User is on home page...................................................passed
]]></system-out>
</testcase>
</testsuite>
